{"/Users/sandeepdasari/Desktop/swiggy-clone/src/Components/Contact.js": {"path":"/Users/sandeepdasari/Desktop/swiggy-clone/src/Components/Contact.js","statementMap":{"0":{"start":{"line":1,"column":14},"end":{"line":9,"column":1}},"1":{"start":{"line":3,"column":4},"end":{"line":8,"column":11}}},"fnMap":{"0":{"name":"(anonymous_0)","decl":{"start":{"line":1,"column":14},"end":{"line":1,"column":15}},"loc":{"start":{"line":2,"column":0},"end":{"line":9,"column":1}},"line":2}},"branchMap":{},"s":{"0":1,"1":4},"f":{"0":4},"b":{},"_coverageSchema":"1a1c01bbd47fc00a2c39e90264f33305004495a9","hash":"d9cb43423760f3f925ffe02451cfd092489fa813"}
,"/Users/sandeepdasari/Desktop/swiggy-clone/src/Components/Header.js": {"path":"/Users/sandeepdasari/Desktop/swiggy-clone/src/Components/Header.js","statementMap":{"0":{"start":{"line":7,"column":13},"end":{"line":41,"column":1}},"1":{"start":{"line":9,"column":14},"end":{"line":9,"column":52}},"2":{"start":{"line":9,"column":35},"end":{"line":9,"column":51}},"3":{"start":{"line":10,"column":3},"end":{"line":10,"column":21}},"4":{"start":{"line":11,"column":21},"end":{"line":11,"column":44}},"5":{"start":{"line":12,"column":23},"end":{"line":12,"column":40}},"6":{"start":{"line":13,"column":35},"end":{"line":13,"column":52}},"7":{"start":{"line":14,"column":19},"end":{"line":17,"column":5}},"8":{"start":{"line":16,"column":8},"end":{"line":16,"column":84}},"9":{"start":{"line":18,"column":4},"end":{"line":40,"column":5}}},"fnMap":{"0":{"name":"(anonymous_0)","decl":{"start":{"line":7,"column":13},"end":{"line":7,"column":14}},"loc":{"start":{"line":8,"column":0},"end":{"line":41,"column":1}},"line":8},"1":{"name":"(anonymous_1)","decl":{"start":{"line":9,"column":26},"end":{"line":9,"column":27}},"loc":{"start":{"line":9,"column":35},"end":{"line":9,"column":51}},"line":9},"2":{"name":"(anonymous_2)","decl":{"start":{"line":14,"column":19},"end":{"line":14,"column":20}},"loc":{"start":{"line":15,"column":4},"end":{"line":17,"column":5}},"line":15}},"branchMap":{"0":{"loc":{"start":{"line":16,"column":8},"end":{"line":16,"column":83}},"type":"cond-expr","locations":[{"start":{"line":16,"column":28},"end":{"line":16,"column":61}},{"start":{"line":16,"column":62},"end":{"line":16,"column":83}}],"line":16},"1":{"loc":{"start":{"line":26,"column":48},"end":{"line":26,"column":70}},"type":"cond-expr","locations":[{"start":{"line":26,"column":61},"end":{"line":26,"column":65}},{"start":{"line":26,"column":66},"end":{"line":26,"column":70}}],"line":26}},"s":{"0":1,"1":4,"2":7,"3":4,"4":4,"5":4,"6":4,"7":4,"8":1,"9":4},"f":{"0":4,"1":7,"2":1},"b":{"0":[1,0],"1":[4,0]},"_coverageSchema":"1a1c01bbd47fc00a2c39e90264f33305004495a9","hash":"adf6f57fcc46b2198fa132f47f058a11634774ea"}
,"/Users/sandeepdasari/Desktop/swiggy-clone/src/Components/RestaurantCard.js": {"path":"/Users/sandeepdasari/Desktop/swiggy-clone/src/Components/RestaurantCard.js","statementMap":{"0":{"start":{"line":3,"column":21},"end":{"line":23,"column":1}},"1":{"start":{"line":5,"column":20},"end":{"line":5,"column":25}},"2":{"start":{"line":6,"column":4},"end":{"line":6,"column":25}},"3":{"start":{"line":8,"column":28},"end":{"line":8,"column":40}},"4":{"start":{"line":9,"column":4},"end":{"line":22,"column":11}},"5":{"start":{"line":27,"column":32},"end":{"line":37,"column":1}},"6":{"start":{"line":29,"column":4},"end":{"line":36,"column":5}},"7":{"start":{"line":31,"column":8},"end":{"line":35,"column":15}}},"fnMap":{"0":{"name":"(anonymous_0)","decl":{"start":{"line":3,"column":21},"end":{"line":3,"column":22}},"loc":{"start":{"line":4,"column":0},"end":{"line":23,"column":1}},"line":4},"1":{"name":"(anonymous_1)","decl":{"start":{"line":27,"column":32},"end":{"line":27,"column":33}},"loc":{"start":{"line":28,"column":0},"end":{"line":37,"column":1}},"line":28},"2":{"name":"(anonymous_2)","decl":{"start":{"line":29,"column":10},"end":{"line":29,"column":11}},"loc":{"start":{"line":30,"column":4},"end":{"line":36,"column":5}},"line":30}},"branchMap":{},"s":{"0":1,"1":1,"2":1,"3":1,"4":1,"5":1,"6":0,"7":0},"f":{"0":1,"1":0,"2":0},"b":{},"_coverageSchema":"1a1c01bbd47fc00a2c39e90264f33305004495a9","hash":"f2c5487afd6417d6b3b8bd8416dd4d867c29747f"}
,"/Users/sandeepdasari/Desktop/swiggy-clone/src/Components/sum.js": {"path":"/Users/sandeepdasari/Desktop/swiggy-clone/src/Components/sum.js","statementMap":{"0":{"start":{"line":1,"column":17},"end":{"line":4,"column":1}},"1":{"start":{"line":3,"column":4},"end":{"line":3,"column":15}}},"fnMap":{"0":{"name":"(anonymous_0)","decl":{"start":{"line":1,"column":17},"end":{"line":1,"column":18}},"loc":{"start":{"line":2,"column":0},"end":{"line":4,"column":1}},"line":2}},"branchMap":{},"s":{"0":1,"1":1},"f":{"0":1},"b":{},"_coverageSchema":"1a1c01bbd47fc00a2c39e90264f33305004495a9","hash":"bcd0b26dd6f23851c0fea25137f78905b6675469"}
,"/Users/sandeepdasari/Desktop/swiggy-clone/src/Utils/appStore.js": {"path":"/Users/sandeepdasari/Desktop/swiggy-clone/src/Utils/appStore.js","statementMap":{"0":{"start":{"line":6,"column":15},"end":{"line":11,"column":2}}},"fnMap":{},"branchMap":{},"s":{"0":1},"f":{},"b":{},"_coverageSchema":"1a1c01bbd47fc00a2c39e90264f33305004495a9","hash":"5d331628bd84ecb59e03817f7c4309ff2350f670"}
,"/Users/sandeepdasari/Desktop/swiggy-clone/src/Utils/cartSlice.js": {"path":"/Users/sandeepdasari/Desktop/swiggy-clone/src/Utils/cartSlice.js","statementMap":{"0":{"start":{"line":3,"column":17},"end":{"line":27,"column":1}},"1":{"start":{"line":14,"column":20},"end":{"line":14,"column":53}},"2":{"start":{"line":18,"column":20},"end":{"line":18,"column":38}},"3":{"start":{"line":22,"column":20},"end":{"line":22,"column":41}},"4":{"start":{"line":29,"column":47},"end":{"line":29,"column":64}}},"fnMap":{"0":{"name":"(anonymous_0)","decl":{"start":{"line":12,"column":25},"end":{"line":12,"column":26}},"loc":{"start":{"line":13,"column":16},"end":{"line":15,"column":17}},"line":13},"1":{"name":"(anonymous_1)","decl":{"start":{"line":16,"column":28},"end":{"line":16,"column":29}},"loc":{"start":{"line":17,"column":16},"end":{"line":19,"column":17}},"line":17},"2":{"name":"(anonymous_2)","decl":{"start":{"line":20,"column":27},"end":{"line":20,"column":28}},"loc":{"start":{"line":21,"column":16},"end":{"line":23,"column":17}},"line":21}},"branchMap":{},"s":{"0":1,"1":0,"2":0,"3":0,"4":1},"f":{"0":0,"1":0,"2":0},"b":{},"_coverageSchema":"1a1c01bbd47fc00a2c39e90264f33305004495a9","hash":"c48ae1008b37784f7104f881cc1c8714772725ba"}
,"/Users/sandeepdasari/Desktop/swiggy-clone/src/Utils/constants.js": {"path":"/Users/sandeepdasari/Desktop/swiggy-clone/src/Utils/constants.js","statementMap":{"0":{"start":{"line":1,"column":22},"end":{"line":1,"column":106}},"1":{"start":{"line":3,"column":22},"end":{"line":3,"column":151}},"2":{"start":{"line":5,"column":21},"end":{"line":5,"column":104}}},"fnMap":{},"branchMap":{},"s":{"0":2,"1":2,"2":2},"f":{},"b":{},"_coverageSchema":"1a1c01bbd47fc00a2c39e90264f33305004495a9","hash":"ea396f0857c211c9a37180c3e02a704359e812a1"}
,"/Users/sandeepdasari/Desktop/swiggy-clone/src/Utils/useOnlineStatus.js": {"path":"/Users/sandeepdasari/Desktop/swiggy-clone/src/Utils/useOnlineStatus.js","statementMap":{"0":{"start":{"line":3,"column":22},"end":{"line":17,"column":1}},"1":{"start":{"line":5,"column":39},"end":{"line":5,"column":53}},"2":{"start":{"line":7,"column":0},"end":{"line":13,"column":2}},"3":{"start":{"line":9,"column":5},"end":{"line":12,"column":7}},"4":{"start":{"line":11,"column":8},"end":{"line":11,"column":31}},"5":{"start":{"line":16,"column":4},"end":{"line":16,"column":24}}},"fnMap":{"0":{"name":"(anonymous_0)","decl":{"start":{"line":3,"column":22},"end":{"line":3,"column":23}},"loc":{"start":{"line":4,"column":0},"end":{"line":17,"column":1}},"line":4},"1":{"name":"(anonymous_1)","decl":{"start":{"line":7,"column":10},"end":{"line":7,"column":11}},"loc":{"start":{"line":8,"column":0},"end":{"line":13,"column":1}},"line":8},"2":{"name":"(anonymous_2)","decl":{"start":{"line":9,"column":39},"end":{"line":9,"column":40}},"loc":{"start":{"line":10,"column":5},"end":{"line":12,"column":6}},"line":10}},"branchMap":{},"s":{"0":1,"1":4,"2":4,"3":4,"4":0,"5":4},"f":{"0":4,"1":4,"2":0},"b":{},"_coverageSchema":"1a1c01bbd47fc00a2c39e90264f33305004495a9","hash":"dba9a142376ee01014ca32bea32419158e193f82"}
,"/Users/sandeepdasari/Desktop/swiggy-clone/src/Utils/userContext.js": {"path":"/Users/sandeepdasari/Desktop/swiggy-clone/src/Utils/userContext.js","statementMap":{"0":{"start":{"line":3,"column":18},"end":{"line":5,"column":2}}},"fnMap":{},"branchMap":{},"s":{"0":1},"f":{},"b":{},"_coverageSchema":"1a1c01bbd47fc00a2c39e90264f33305004495a9","hash":"707ddda7caefdbc7bdcc1438dfb5636c5977a6b1"}
}
